android/app/build/intermediates/manifest_merge_blame_file/debug/manifest-merger-blame-debug-report.txt
1<?xml version="1.0" encoding="utf-8"?>
2<manifest xmlns:android="http://schemas.android.com/apk/res/android"
3    package="org.tensorflow.lite.examples.facerecognition"
4    android:versionCode="1"
5    android:versionName="1.0" >
6
7    <uses-sdk
7-->src/main/AndroidManifest.xml:4:5-17
8        android:minSdkVersion="21"
8-->src/main/AndroidManifest.xml:4:5-17
9        android:targetSdkVersion="28" />
9-->src/main/AndroidManifest.xml:4:5-17
10
11    <uses-permission android:name="android.permission.CAMERA" />
11-->src/main/AndroidManifest.xml:6:5-65
11-->src/main/AndroidManifest.xml:6:22-62
12
13    <uses-feature android:name="android.hardware.camera" />
13-->src/main/AndroidManifest.xml:8:5-60
13-->src/main/AndroidManifest.xml:8:19-57
14    <uses-feature android:name="android.hardware.camera.autofocus" />
14-->src/main/AndroidManifest.xml:9:5-70
14-->src/main/AndroidManifest.xml:9:19-67
15    <!-- Although the *SdkVersion is captured in gradle build files, this is required for non gradle builds -->
16    <!-- <uses-sdk android:minSdkVersion="14"/> -->
17    <uses-permission android:name="android.permission.ACCESS_NETWORK_STATE" />
17-->[com.google.android.datatransport:transport-backend-cct:2.2.2] AndroidManifest.xml:25:5-79
17-->[com.google.android.datatransport:transport-backend-cct:2.2.2] AndroidManifest.xml:25:22-76
18    <uses-permission android:name="android.permission.INTERNET" />
18-->[com.google.android.datatransport:transport-backend-cct:2.2.2] AndroidManifest.xml:26:5-67
18-->[com.google.android.datatransport:transport-backend-cct:2.2.2] AndroidManifest.xml:26:22-64
19
20    <application
20-->src/main/AndroidManifest.xml:11:5-29:19
21        android:allowBackup="false"
21-->src/main/AndroidManifest.xml:12:9-36
22        android:appComponentFactory="androidx.core.app.CoreComponentFactory"
22-->[androidx.core:core:1.0.0] AndroidManifest.xml:22:18-86
23        android:debuggable="true"
24        android:icon="@mipmap/ic_launcher_facerec"
24-->src/main/AndroidManifest.xml:13:9-51
25        android:label="@string/tfe_od_app_name"
25-->src/main/AndroidManifest.xml:14:9-48
26        android:roundIcon="@mipmap/ic_launcher_facerec_round"
26-->src/main/AndroidManifest.xml:15:9-62
27        android:supportsRtl="true"
27-->src/main/AndroidManifest.xml:16:9-35
28        android:testOnly="true"
29        android:theme="@style/AppTheme.ObjectDetection" >
29-->src/main/AndroidManifest.xml:17:9-56
30        <activity
30-->src/main/AndroidManifest.xml:19:9-27:20
31            android:name="org.tensorflow.lite.examples.detection.DetectorActivity"
31-->src/main/AndroidManifest.xml:20:13-45
32            android:label="@string/tfe_od_app_name"
32-->src/main/AndroidManifest.xml:21:13-52
33            android:screenOrientation="portrait" >
33-->src/main/AndroidManifest.xml:22:13-49
34            <intent-filter>
34-->src/main/AndroidManifest.xml:23:13-26:29
35                <action android:name="android.intent.action.MAIN" />
35-->src/main/AndroidManifest.xml:24:17-69
35-->src/main/AndroidManifest.xml:24:25-66
36
37                <category android:name="android.intent.category.LAUNCHER" />
37-->src/main/AndroidManifest.xml:25:17-77
37-->src/main/AndroidManifest.xml:25:27-74
38            </intent-filter>
39        </activity>
40
41        <service
41-->[com.google.android.gms:play-services-mlkit-face-detection:16.0.0] AndroidManifest.xml:9:9-15:19
42            android:name="com.google.mlkit.common.internal.MlKitComponentDiscoveryService"
42-->[com.google.android.gms:play-services-mlkit-face-detection:16.0.0] AndroidManifest.xml:10:13-91
43            android:directBootAware="true"
43-->[com.google.mlkit:common:16.0.0] AndroidManifest.xml:17:13-43
44            android:exported="false" >
44-->[com.google.android.gms:play-services-mlkit-face-detection:16.0.0] AndroidManifest.xml:11:13-37
45            <meta-data
45-->[com.google.android.gms:play-services-mlkit-face-detection:16.0.0] AndroidManifest.xml:12:13-14:85
46                android:name="com.google.firebase.components:com.google.mlkit.vision.face.internal.FaceRegistrar"
46-->[com.google.android.gms:play-services-mlkit-face-detection:16.0.0] AndroidManifest.xml:13:17-114
47                android:value="com.google.firebase.components.ComponentRegistrar" />
47-->[com.google.android.gms:play-services-mlkit-face-detection:16.0.0] AndroidManifest.xml:14:17-82
48            <meta-data
48-->[com.google.mlkit:vision-common:16.0.0] AndroidManifest.xml:12:13-14:85
49                android:name="com.google.firebase.components:com.google.mlkit.vision.common.internal.VisionCommonRegistrar"
49-->[com.google.mlkit:vision-common:16.0.0] AndroidManifest.xml:13:17-124
50                android:value="com.google.firebase.components.ComponentRegistrar" />
50-->[com.google.mlkit:vision-common:16.0.0] AndroidManifest.xml:14:17-82
51            <meta-data
51-->[com.google.mlkit:common:16.0.0] AndroidManifest.xml:20:13-22:85
52                android:name="com.google.firebase.components:com.google.mlkit.common.internal.CommonComponentRegistrar"
52-->[com.google.mlkit:common:16.0.0] AndroidManifest.xml:21:17-120
53                android:value="com.google.firebase.components.ComponentRegistrar" />
53-->[com.google.mlkit:common:16.0.0] AndroidManifest.xml:22:17-82
54        </service>
55
56        <provider
56-->[com.google.mlkit:common:16.0.0] AndroidManifest.xml:9:9-13:38
57            android:name="com.google.mlkit.common.internal.MlKitInitProvider"
57-->[com.google.mlkit:common:16.0.0] AndroidManifest.xml:10:13-78
58            android:authorities="org.tensorflow.lite.examples.facerecognition.mlkitinitprovider"
58-->[com.google.mlkit:common:16.0.0] AndroidManifest.xml:11:13-69
59            android:exported="false"
59-->[com.google.mlkit:common:16.0.0] AndroidManifest.xml:12:13-37
60            android:initOrder="99" />
60-->[com.google.mlkit:common:16.0.0] AndroidManifest.xml:13:13-35
61
62        <activity
62-->[com.google.android.gms:play-services-base:17.0.0] AndroidManifest.xml:23:9-26:75
63            android:name="com.google.android.gms.common.api.GoogleApiActivity"
63-->[com.google.android.gms:play-services-base:17.0.0] AndroidManifest.xml:24:13-79
64            android:exported="false"
64-->[com.google.android.gms:play-services-base:17.0.0] AndroidManifest.xml:25:13-37
65            android:theme="@android:style/Theme.Translucent.NoTitleBar" />
65-->[com.google.android.gms:play-services-base:17.0.0] AndroidManifest.xml:26:13-72
66
67        <meta-data
67-->[com.google.android.gms:play-services-basement:17.0.0] AndroidManifest.xml:23:9-25:69
68            android:name="com.google.android.gms.version"
68-->[com.google.android.gms:play-services-basement:17.0.0] AndroidManifest.xml:24:13-58
69            android:value="@integer/google_play_services_version" />
69-->[com.google.android.gms:play-services-basement:17.0.0] AndroidManifest.xml:25:13-66
70
71        <service
71-->[com.google.android.datatransport:transport-backend-cct:2.2.2] AndroidManifest.xml:29:9-35:19
72            android:name="com.google.android.datatransport.runtime.backends.TransportBackendDiscovery"
72-->[com.google.android.datatransport:transport-backend-cct:2.2.2] AndroidManifest.xml:30:13-103
73            android:exported="false" >
73-->[com.google.android.datatransport:transport-backend-cct:2.2.2] AndroidManifest.xml:31:13-37
74            <meta-data
74-->[com.google.android.datatransport:transport-backend-cct:2.2.2] AndroidManifest.xml:32:13-34:39
75                android:name="backend:com.google.android.datatransport.cct.CctBackendFactory"
75-->[com.google.android.datatransport:transport-backend-cct:2.2.2] AndroidManifest.xml:33:17-94
76                android:value="cct" />
76-->[com.google.android.datatransport:transport-backend-cct:2.2.2] AndroidManifest.xml:34:17-36
77        </service>
78        <service
78-->[com.google.android.datatransport:transport-runtime:2.2.2] AndroidManifest.xml:26:9-30:19
79            android:name="com.google.android.datatransport.runtime.scheduling.jobscheduling.JobInfoSchedulerService"
79-->[com.google.android.datatransport:transport-runtime:2.2.2] AndroidManifest.xml:27:13-117
80            android:exported="false"
80-->[com.google.android.datatransport:transport-runtime:2.2.2] AndroidManifest.xml:28:13-37
81            android:permission="android.permission.BIND_JOB_SERVICE" >
81-->[com.google.android.datatransport:transport-runtime:2.2.2] AndroidManifest.xml:29:13-69
82        </service>
83
84        <receiver
84-->[com.google.android.datatransport:transport-runtime:2.2.2] AndroidManifest.xml:32:9-34:40
85            android:name="com.google.android.datatransport.runtime.scheduling.jobscheduling.AlarmManagerSchedulerBroadcastReceiver"
85-->[com.google.android.datatransport:transport-runtime:2.2.2] AndroidManifest.xml:33:13-132
86            android:exported="false" />
86-->[com.google.android.datatransport:transport-runtime:2.2.2] AndroidManifest.xml:34:13-37
87    </application>
88
89</manifest>